Conversión de Solid Edge en STL
Fecha: lunes,diciembre 07,2020 10:38a. m.
Archivo fuente:C:\Users\luis daniel\Desktop\proyecto\3d\tapa - arriba.par
Sistema fuente: SOLID EDGE

Hardware:
Procesador: Intel(R) Core(TM) i5-4590T CPU @ 2.00GHz
Sistema operativo: Windows 10
Memoria instalada: 7,9 GB

Información sobre el software:
Versión de Parasolid: 32.1.222
Versión de PSBodyShop: 32.1.94
Versión de Solid Edge: 221.00.00.114 x64

Opciones de exportación de STL:
Formato de la carpeta de salida:BINARY
Exportar las piezas visualizadas: Desactivado
Opción estructural: Monolithic
Unidades de exportación: Inch
Valor de la tolerancia de exportación:0,050000
Tipo de tolerancia de exportación: Custom
Valor del ángulo plano de superficie de exportación:0,523599

Avance en la conversión:
Fase 1 de 2 recuperando la información sobre Parasolid...
Número de archivos STL creados: 1
Se completó el proceso de conversión
Tiempo necesario para convertir:00 : 00 : 00
